<?xml version="1.0" encoding="UTF-8"?>
<testng-results ignored="0" total="1" passed="1" failed="0" skipped="0">
  <reporter-output>
  </reporter-output>
  <suite started-at="2022-11-16T00:22:49Z" name="Surefire suite" finished-at="2022-11-16T00:23:24Z" duration-ms="35140">
    <groups>
    </groups>
    <test started-at="2022-11-16T00:22:49Z" name="Surefire test" finished-at="2022-11-16T00:23:24Z" duration-ms="35140">
      <class name="Proyecto.Laboratorio2Test">
        <test-method signature="lab2_E1()" started-at="2022-11-15T21:22:49Z" name="lab2_E1" finished-at="2022-11-15T21:23:24Z" duration-ms="35059" status="PASS">
          <reporter-output>
          </reporter-output>
        </test-method> <!-- lab2_E1 -->
      </class> <!-- Proyecto.Laboratorio2Test -->
    </test> <!-- Surefire test -->
  </suite> <!-- Surefire suite -->
</testng-results>
