<?xml version="1.0" encoding="UTF-8"?>
<testng-results ignored="0" total="1" passed="1" failed="0" skipped="0">
  <reporter-output>
  </reporter-output>
  <suite started-at="2022-09-09T18:37:57Z" name="Default suite" finished-at="2022-09-09T18:37:57Z" duration-ms="53">
    <groups>
    </groups>
    <test started-at="2022-09-09T18:37:57Z" name="Default test" finished-at="2022-09-09T18:37:57Z" duration-ms="53">
      <class name="Proyecto.TestNGExample">
        <test-method is-config="true" signature="beforeMethod()[pri:0, instance:Proyecto.TestNGExample@710c2b53]" started-at="2022-09-09T15:37:57Z" name="beforeMethod" finished-at="2022-09-09T15:37:57Z" duration-ms="11" status="PASS">
          <reporter-output>
          </reporter-output>
        </test-method> <!-- beforeMethod -->
        <test-method signature="f()[pri:0, instance:Proyecto.TestNGExample@710c2b53]" started-at="2022-09-09T15:37:57Z" name="f" finished-at="2022-09-09T15:37:57Z" duration-ms="7" status="PASS">
          <reporter-output>
          </reporter-output>
        </test-method> <!-- f -->
        <test-method is-config="true" signature="afterMethod()[pri:0, instance:Proyecto.TestNGExample@710c2b53]" started-at="2022-09-09T15:37:57Z" name="afterMethod" finished-at="2022-09-09T15:37:57Z" duration-ms="0" status="PASS">
          <reporter-output>
          </reporter-output>
        </test-method> <!-- afterMethod -->
      </class> <!-- Proyecto.TestNGExample -->
    </test> <!-- Default test -->
  </suite> <!-- Default suite -->
</testng-results>
